Arguments: 
  C:\Program Files (x86)\nodejs\node.exe C:\Users\Eurax\AppData\Roaming\npm\node_modules\yarn\bin\yarn.js add –dev hardhat

PATH: 
  C:\Program Files\Python310\Scripts\;C:\Program Files\Python310\;C:\Program Files (x86)\Intel\Intel(R) Management Engine Components\iCLS\;C:\Program Files\Intel\Intel(R) Management Engine Components\iCLS\;C:\WINDOWS\system32;C:\WINDOWS;C:\WINDOWS\System32\Wbem;C:\WINDOWS\System32\WindowsPowerShell\v1.0\;C:\WINDOWS\System32\OpenSSH\;C:\Program Files (x86)\Intel\Intel(R) Management Engine Components\DAL;C:\Program Files\Intel\Intel(R) Management Engine Components\DAL;C:\Program Files (x86)\Intel\Intel(R) Management Engine Components\IPT;C:\Program Files\Intel\Intel(R) Management Engine Components\IPT;C:\Program Files\Go\bin;C:\Program Files\Git\cmd;C:\Program Files (x86)\nodejs\;C:\Program Files\Docker\Docker\resources\bin;C:\ProgramData\DockerDesktop\version-bin;C:\Users\Eurax\anaconda3\Scripts;C:\Users\Eurax\scoop\apps\python\current\Scripts;C:\Users\Eurax\scoop\apps\python\current;C:\Users\Eurax\scoop\shims;C:\Users\Eurax\.cargo\bin;C:\Users\Eurax\AppData\Local\Microsoft\WindowsApps;C:\Program Files\JetBrains\CLion 2021.3.4\bin;C:\Program Files\JetBrains\IntelliJ IDEA 2021.3.3\bin;C:\Program Files\JetBrains\GoLand 2021.3.4\bin;C:\Program Files\JetBrains\PyCharm 2021.3.3\bin;C:\Program Files\JetBrains\DataGrip 2021.3.4\bin;C:\Users\Eurax\AppData\Local\Programs\Microsoft VS Code Insiders\bin;C:\Program Files\JetBrains\DataSpell 2021.3.3\bin;C:\Users\Eurax\go\bin;C:\Users\Eurax\AppData\Roaming\npm;C:\Users\Eurax\.deno\bin;%USERPROFILE%\AppData\Local\Microsoft\WindowsApps;

Yarn version: 
  1.22.19

Node version: 
  16.14.2

Platform: 
  win32 ia32

Trace: 
  TypeError [ERR_UNESCAPED_CHARACTERS]: https://registry.npm.taobao.org/–dev: Request path contains unescaped characters
      at new NodeError (node:internal/errors:371:5)
      at new ClientRequest (node:_http_client:154:13)
      at Object.request (node:https:353:10)
      at Request.module.exports.Request.start (C:\Users\Eurax\AppData\Roaming\npm\node_modules\yarn\lib\cli.js:141452:32)
      at Request.module.exports.Request.end (C:\Users\Eurax\AppData\Roaming\npm\node_modules\yarn\lib\cli.js:142211:10)
      at end (C:\Users\Eurax\AppData\Roaming\npm\node_modules\yarn\lib\cli.js:141265:14)
      at Immediate.<anonymous> (C:\Users\Eurax\AppData\Roaming\npm\node_modules\yarn\lib\cli.js:141279:7)
      at processImmediate (node:internal/timers:466:21)

npm manifest: 
  {
    "name": "hardhat_stu",
    "version": "1.0.0",
    "main": "index.js",
    "license": "MIT"
  }

yarn manifest: 
  No manifest

Lockfile: 
  # THIS IS AN AUTOGENERATED FILE. DO NOT EDIT THIS FILE DIRECTLY.
  # yarn lockfile v1
